23:38:53.078 [TestNG-tests-1] INFO  testCases.TC_001_AccountRegistrationTest - ***  Starting TC_001_AccountRegistrationTest ***
23:38:54.268 [TestNG-tests-1] INFO  testCases.TC_001_AccountRegistrationTest - Clicked on My account link
23:38:56.279 [TestNG-tests-1] INFO  testCases.TC_001_AccountRegistrationTest - Clicked on register link
23:40:18.696 [main] INFO  testCases.TC_001_AccountRegistrationTest - ***  Starting TC_001_AccountRegistrationTest ***
23:40:19.968 [main] INFO  testCases.TC_001_AccountRegistrationTest - Clicked on My account link
23:40:21.598 [main] INFO  testCases.TC_001_AccountRegistrationTest - Clicked on register link
20:57:49.377 [TestNG-tests-1] INFO  testCases.TC_001_AccountRegistrationTest - ***  Starting TC_001_AccountRegistrationTest ***
20:57:50.656 [TestNG-tests-1] INFO  testCases.TC_001_AccountRegistrationTest - Clicked on My account link
20:57:52.918 [TestNG-tests-1] INFO  testCases.TC_001_AccountRegistrationTest - Clicked on register link
20:58:46.019 [TestNG-tests-1] INFO  testCases.TC_001_AccountRegistrationTest - ***  Starting TC_001_AccountRegistrationTest ***
20:58:47.293 [TestNG-tests-1] INFO  testCases.TC_001_AccountRegistrationTest - Clicked on My account link
20:58:48.885 [TestNG-tests-1] INFO  testCases.TC_001_AccountRegistrationTest - Clicked on register link
20:58:51.665 [TestNG-tests-1] INFO  testCases.TC_001_AccountRegistrationTest - Clicked on continue
20:58:51.741 [TestNG-tests-1] INFO  testCases.TC_001_AccountRegistrationTest - Validating expected message
20:58:51.743 [TestNG-tests-1] INFO  testCases.TC_001_AccountRegistrationTest - ***  Finished TC_001_AccountRegistrationTest ***
21:02:52.026 [TestNG-tests-1] INFO  testCases.TC_001_AccountRegistrationTest - ***  Starting TC_001_AccountRegistrationTest ***
21:02:53.316 [TestNG-tests-1] INFO  testCases.TC_001_AccountRegistrationTest - Clicked on My account link
21:02:54.984 [TestNG-tests-1] INFO  testCases.TC_001_AccountRegistrationTest - Clicked on register link
21:02:57.861 [TestNG-tests-1] INFO  testCases.TC_001_AccountRegistrationTest - Clicked on continue
21:02:57.961 [TestNG-tests-1] INFO  testCases.TC_001_AccountRegistrationTest - Validating expected message
21:11:45.455 [TestNG-tests-1] INFO  testCases.TC_001_AccountRegistrationTest - ***  Starting TC_001_AccountRegistrationTest ***
21:11:46.861 [TestNG-tests-1] INFO  testCases.TC_001_AccountRegistrationTest - Clicked on My account link
21:11:49.176 [TestNG-tests-1] INFO  testCases.TC_001_AccountRegistrationTest - Clicked on register link
21:11:52.137 [TestNG-tests-1] INFO  testCases.TC_001_AccountRegistrationTest - Clicked on continue
21:11:52.209 [TestNG-tests-1] INFO  testCases.TC_001_AccountRegistrationTest - Validating expected message
21:11:52.211 [TestNG-tests-1] INFO  testCases.TC_001_AccountRegistrationTest - ***  Finished TC_001_AccountRegistrationTest ***
21:16:26.084 [TestNG-tests-1] INFO  testCases.TC_001_AccountRegistrationTest - ***  Starting TC_001_AccountRegistrationTest ***
21:16:27.502 [TestNG-tests-1] INFO  testCases.TC_001_AccountRegistrationTest - Clicked on My account link
21:16:29.734 [TestNG-tests-1] INFO  testCases.TC_001_AccountRegistrationTest - Clicked on register link
21:16:33.434 [TestNG-tests-1] INFO  testCases.TC_001_AccountRegistrationTest - Clicked on continue
21:16:33.531 [TestNG-tests-1] INFO  testCases.TC_001_AccountRegistrationTest - Validating expected message
21:16:33.533 [TestNG-tests-1] INFO  testCases.TC_001_AccountRegistrationTest - ***  Finished TC_001_AccountRegistrationTest ***
21:17:42.134 [TestNG-tests-1] INFO  testCases.TC_001_AccountRegistrationTest - ***  Starting TC_001_AccountRegistrationTest ***
21:17:43.648 [TestNG-tests-1] INFO  testCases.TC_001_AccountRegistrationTest - Clicked on My account link
21:17:45.478 [TestNG-tests-1] INFO  testCases.TC_001_AccountRegistrationTest - Clicked on register link
21:17:48.189 [TestNG-tests-1] INFO  testCases.TC_001_AccountRegistrationTest - Clicked on continue
21:17:48.287 [TestNG-tests-1] INFO  testCases.TC_001_AccountRegistrationTest - Validating expected message
21:17:48.290 [TestNG-tests-1] INFO  testCases.TC_001_AccountRegistrationTest - ***  Finished TC_001_AccountRegistrationTest ***
22:47:34.293 [TestNG-tests-1] INFO  testCases.TC_001_AccountRegistrationTest - ***  Starting TC_001_AccountRegistrationTest ***
22:47:35.702 [TestNG-tests-1] INFO  testCases.TC_001_AccountRegistrationTest - Clicked on My account link
22:47:37.862 [TestNG-tests-1] INFO  testCases.TC_001_AccountRegistrationTest - Clicked on register link
22:47:40.659 [TestNG-tests-1] INFO  testCases.TC_001_AccountRegistrationTest - Clicked on continue
22:47:40.750 [TestNG-tests-1] INFO  testCases.TC_001_AccountRegistrationTest - Validating expected message
22:47:40.752 [TestNG-tests-1] INFO  testCases.TC_001_AccountRegistrationTest - ***  Finished TC_001_AccountRegistrationTest ***
22:51:28.860 [TestNG-tests-1] INFO  testCases.TC_001_AccountRegistrationTest - ***  Starting TC_001_AccountRegistrationTest ***
22:51:30.285 [TestNG-tests-1] INFO  testCases.TC_001_AccountRegistrationTest - Clicked on My account link
22:51:32.930 [TestNG-tests-1] INFO  testCases.TC_001_AccountRegistrationTest - Clicked on register link
22:51:35.937 [TestNG-tests-1] INFO  testCases.TC_001_AccountRegistrationTest - Clicked on continue
22:51:36.050 [TestNG-tests-1] INFO  testCases.TC_001_AccountRegistrationTest - Validating expected message
22:51:36.052 [TestNG-tests-1] INFO  testCases.TC_001_AccountRegistrationTest - ***  Finished TC_001_AccountRegistrationTest ***
22:57:23.398 [TestNG-tests-2] INFO  testCases.TC_002_LoginTest - Starting TC_002_LoginTest
22:57:24.957 [TestNG-tests-1] INFO  testCases.TC_001_AccountRegistrationTest - ***  Starting TC_001_AccountRegistrationTest ***
22:57:27.160 [TestNG-tests-1] INFO  testCases.TC_001_AccountRegistrationTest - Clicked on My account link
22:57:30.814 [TestNG-tests-1] INFO  testCases.TC_001_AccountRegistrationTest - Clicked on register link
22:57:33.750 [TestNG-tests-1] INFO  testCases.TC_001_AccountRegistrationTest - Clicked on continue
22:57:33.836 [TestNG-tests-1] INFO  testCases.TC_001_AccountRegistrationTest - Validating expected message
22:57:33.839 [TestNG-tests-1] INFO  testCases.TC_001_AccountRegistrationTest - ***  Finished TC_001_AccountRegistrationTest ***
22:58:43.533 [TestNG-tests-1] INFO  testCases.TC_001_AccountRegistrationTest - ***  Starting TC_001_AccountRegistrationTest ***
22:58:45.472 [TestNG-tests-2] INFO  testCases.TC_002_LoginTest - Starting TC_002_LoginTest
22:58:45.822 [TestNG-tests-1] INFO  testCases.TC_001_AccountRegistrationTest - Clicked on My account link
22:58:49.122 [TestNG-tests-1] INFO  testCases.TC_001_AccountRegistrationTest - Clicked on register link
22:58:53.102 [TestNG-tests-1] INFO  testCases.TC_001_AccountRegistrationTest - Clicked on continue
22:58:53.193 [TestNG-tests-1] INFO  testCases.TC_001_AccountRegistrationTest - Validating expected message
22:58:53.195 [TestNG-tests-1] INFO  testCases.TC_001_AccountRegistrationTest - ***  Finished TC_001_AccountRegistrationTest ***
22:58:54.148 [TestNG-tests-2] INFO  testCases.TC_002_LoginTest -  Finished TC_002_LoginTest
23:00:06.158 [TestNG-tests-1] INFO  testCases.TC_001_AccountRegistrationTest - ***  Starting TC_001_AccountRegistrationTest ***
23:00:08.453 [TestNG-tests-2] INFO  testCases.TC_002_LoginTest - Starting TC_002_LoginTest
23:00:08.539 [TestNG-tests-1] INFO  testCases.TC_001_AccountRegistrationTest - Clicked on My account link
23:00:12.109 [TestNG-tests-1] INFO  testCases.TC_001_AccountRegistrationTest - Clicked on register link
23:00:16.229 [TestNG-tests-1] INFO  testCases.TC_001_AccountRegistrationTest - Clicked on continue
23:00:16.313 [TestNG-tests-1] INFO  testCases.TC_001_AccountRegistrationTest - Validating expected message
23:00:16.315 [TestNG-tests-1] INFO  testCases.TC_001_AccountRegistrationTest - ***  Finished TC_001_AccountRegistrationTest ***
23:00:17.241 [TestNG-tests-2] INFO  testCases.TC_002_LoginTest -  Finished TC_002_LoginTest
23:02:34.157 [TestNG-tests-2] INFO  testCases.TC_002_LoginTest - Starting TC_002_LoginTest
23:02:34.615 [TestNG-tests-1] INFO  testCases.TC_001_AccountRegistrationTest - ***  Starting TC_001_AccountRegistrationTest ***
23:02:36.683 [TestNG-tests-1] INFO  testCases.TC_001_AccountRegistrationTest - Clicked on My account link
23:02:40.435 [TestNG-tests-1] INFO  testCases.TC_001_AccountRegistrationTest - Clicked on register link
23:02:43.030 [TestNG-tests-2] INFO  testCases.TC_002_LoginTest -  Finished TC_002_LoginTest
23:02:44.269 [TestNG-tests-1] INFO  testCases.TC_001_AccountRegistrationTest - Clicked on continue
23:02:44.381 [TestNG-tests-1] INFO  testCases.TC_001_AccountRegistrationTest - Validating expected message
09:12:01.774 [TestNG-tests-1] INFO  testCases.TC_001_AccountRegistrationTest - ***  Starting TC_001_AccountRegistrationTest ***
09:12:01.774 [TestNG-tests-2] INFO  testCases.TC_002_LoginTest - Starting TC_002_LoginTest
09:12:03.930 [TestNG-tests-1] INFO  testCases.TC_001_AccountRegistrationTest - Clicked on My account link
09:12:07.521 [TestNG-tests-1] INFO  testCases.TC_001_AccountRegistrationTest - Clicked on register link
09:12:10.751 [TestNG-tests-2] INFO  testCases.TC_002_LoginTest -  Finished TC_002_LoginTest
09:12:11.269 [TestNG-tests-1] INFO  testCases.TC_001_AccountRegistrationTest - Clicked on continue
09:12:11.424 [TestNG-tests-1] INFO  testCases.TC_001_AccountRegistrationTest - Validating expected message
09:16:25.162 [TestNG-tests-1] INFO  testCases.TC_002_LoginTest - Starting TC_002_LoginTest
09:16:30.804 [TestNG-tests-1] INFO  testCases.TC_002_LoginTest -  Finished TC_002_LoginTest
09:19:41.576 [TestNG-tests-2] INFO  testCases.TC_002_LoginTest - Starting TC_002_LoginTest
09:19:41.875 [TestNG-tests-1] INFO  testCases.TC_001_AccountRegistrationTest - ***  Starting TC_001_AccountRegistrationTest ***
09:19:44.069 [TestNG-tests-1] INFO  testCases.TC_001_AccountRegistrationTest - Clicked on My account link
09:19:48.222 [TestNG-tests-1] INFO  testCases.TC_001_AccountRegistrationTest - Clicked on register link
09:19:50.275 [TestNG-tests-2] INFO  testCases.TC_002_LoginTest -  Finished TC_002_LoginTest
09:19:52.555 [TestNG-tests-1] INFO  testCases.TC_001_AccountRegistrationTest - Clicked on continue
09:19:52.670 [TestNG-tests-1] INFO  testCases.TC_001_AccountRegistrationTest - Validating expected message
08:34:00.931 [TestNG-tests-1] INFO  testCases.TC_001_AccountRegistrationTest - ***  Starting TC_001_AccountRegistrationTest ***
08:34:01.883 [TestNG-tests-1] INFO  testCases.TC_001_AccountRegistrationTest - Clicked on My account link
08:34:03.453 [TestNG-tests-1] INFO  testCases.TC_001_AccountRegistrationTest - Clicked on register link
08:34:06.027 [TestNG-tests-1] INFO  testCases.TC_001_AccountRegistrationTest - Clicked on continue
08:34:06.133 [TestNG-tests-1] INFO  testCases.TC_001_AccountRegistrationTest - Validating expected message
08:34:06.135 [TestNG-tests-1] INFO  testCases.TC_001_AccountRegistrationTest - ***  Finished TC_001_AccountRegistrationTest ***
